<?xml version="1.0"?><coverage lines-covered="1434" lines-valid="3598" line-rate="0.3985547526403558" branches-covered="0" branches-valid="0" branch-rate="0" complexity="0" version="1.9" timestamp="1771224327"><sources><source>C:\Users\Sergio\Documents\dev\architect-linter-pro</source></sources><packages><package name="src" line-rate="0.3985547526403558" branch-rate="0" complexity="0"><classes><class name="ai" filename="src\ai.rs" line-rate="0" branch-rate="0" complexity="0"><methods/><lines><line number="20" hits="0"/><line number="25" hits="0"/><line number="27" hits="0"/><line number="28" hits="0"/><line number="29" hits="0"/><line number="31" hits="0"/><line number="33" hits="0"/><line number="34" hits="0"/><line number="35" hits="0"/><line number="36" hits="0"/><line number="37" hits="0"/><line number="38" hits="0"/><line number="40" hits="0"/><line number="41" hits="0"/><line number="42" hits="0"/><line number="43" hits="0"/><line number="44" hits="0"/><line number="45" hits="0"/><line number="46" hits="0"/><line number="47" hits="0"/><line number="50" hits="0"/><line number="51" hits="0"/><line number="52" hits="0"/><line number="53" hits="0"/><line number="55" hits="0"/><line number="56" hits="0"/><line number="57" hits="0"/><line number="58" hits="0"/><line number="59" hits="0"/><line number="60" hits="0"/><line number="61" hits="0"/><line number="62" hits="0"/><line number="63" hits="0"/><line number="65" hits="0"/><line number="66" hits="0"/><line number="73" hits="0"/><line number="74" hits="0"/><line number="75" hits="0"/><line number="78" hits="0"/><line number="79" hits="0"/><line number="80" hits="0"/><line number="81" hits="0"/><line number="82" hits="0"/><line number="83" hits="0"/><line number="84" hits="0"/><line number="85" hits="0"/><line number="86" hits="0"/><line number="93" hits="0"/><line number="94" hits="0"/><line number="95" hits="0"/><line number="96" hits="0"/><line number="98" hits="0"/><line number="100" hits="0"/><line number="105" hits="0"/><line number="106" hits="0"/><line number="107" hits="0"/><line number="110" hits="0"/><line number="112" hits="0"/><line number="113" hits="0"/><line number="114" hits="0"/><line number="115" hits="0"/><line number="116" hits="0"/><line number="117" hits="0"/><line number="121" hits="0"/><line number="122" hits="0"/><line number="123" hits="0"/><line number="124" hits="0"/><line number="126" hits="0"/><line number="128" hits="0"/><line number="129" hits="0"/><line number="130" hits="0"/><line number="135" hits="0"/><line number="136" hits="0"/><line number="137" hits="0"/><line number="142" hits="0"/><line number="146" hits="0"/><line number="170" hits="0"/><line number="173" hits="0"/><line number="175" hits="0"/><line number="176" hits="0"/><line number="178" hits="0"/><line number="179" hits="0"/><line number="181" hits="0"/><line number="182" hits="0"/><line number="186" hits="0"/><line number="187" hits="0"/><line number="188" hits="0"/><line number="190" hits="0"/><line number="191" hits="0"/><line number="192" hits="0"/><line number="193" hits="0"/><line number="194" hits="0"/><line number="195" hits="0"/><line number="196" hits="0"/><line number="197" hits="0"/><line number="201" hits="0"/><line number="202" hits="0"/><line number="203" hits="0"/><line number="204" hits="0"/><line number="205" hits="0"/><line number="206" hits="0"/><line number="207" hits="0"/><line number="208" hits="0"/><line number="210" hits="0"/><line number="215" hits="0"/><line number="216" hits="0"/><line number="218" hits="0"/><line number="222" hits="0"/><line number="224" hits="0"/><line number="225" hits="0"/><line number="226" hits="0"/><line number="227" hits="0"/><line number="228" hits="0"/><line number="229" hits="0"/><line number="234" hits="0"/><line number="235" hits="0"/><line number="236" hits="0"/><line number="237" hits="0"/><line number="238" hits="0"/><line number="239" hits="0"/><line number="241" hits="0"/><line number="242" hits="0"/><line number="244" hits="0"/><line number="245" hits="0"/><line number="246" hits="0"/><line number="247" hits="0"/><line number="248" hits="0"/><line number="252" hits="0"/><line number="253" hits="0"/><line number="254" hits="0"/><line number="255" hits="0"/><line number="257" hits="0"/><line number="262" hits="0"/><line number="263" hits="0"/><line number="265" hits="0"/><line number="267" hits="0"/><line number="269" hits="0"/><line number="270" hits="0"/><line number="271" hits="0"/><line number="272" hits="0"/><line number="273" hits="0"/><line number="274" hits="0"/><line number="275" hits="0"/><line number="277" hits="0"/><line number="280" hits="0"/><line number="282" hits="0"/><line number="283" hits="0"/><line number="286" hits="0"/><line number="288" hits="0"/><line number="289" hits="0"/><line number="291" hits="0"/><line number="292" hits="0"/><line number="295" hits="0"/><line number="296" hits="0"/><line number="297" hits="0"/><line number="298" hits="0"/><line number="300" hits="0"/><line number="304" hits="0"/><line number="305" hits="0"/><line number="306" hits="0"/><line number="308" hits="0"/><line number="309" hits="0"/><line number="312" hits="0"/><line number="315" hits="0"/><line number="316" hits="0"/><line number="319" hits="0"/></lines></class><class name="analysis_result" filename="src\analysis_result.rs" line-rate="0.7837837837837838" branch-rate="0" complexity="0"><methods/><lines><line number="26" hits="0"/><line number="27" hits="0"/><line number="28" hits="0"/><line number="29" hits="0"/><line number="30" hits="0"/><line number="47" hits="1008806316530991104"/><line number="98" hits="1657324662872342528"/><line number="103" hits="3314649325744685056"/><line number="104" hits="3314649325744685056"/><line number="105" hits="3314649325744685056"/><line number="106" hits="3314649325744685056"/><line number="107" hits="3314649325744685056"/><line number="108" hits="1657324662872342528"/><line number="114" hits="216172782113783808"/><line number="115" hits="216172782113783808"/><line number="116" hits="216172782113783808"/><line number="117" hits="0"/><line number="119" hits="648518346341351424"/><line number="123" hits="216172782113783808"/><line number="124" hits="648518346341351424"/><line number="128" hits="504403158265495552"/><line number="129" hits="1513209474796486656"/><line number="130" hits="504403158265495552"/><line number="134" hits="14411518807585587200"/><line number="135" hits="14411518807585587200"/><line number="137" hits="16861477004875137030"/><line number="142" hits="12177733392409821184"/><line number="143" hits="12177733392409821184"/><line number="145" hits="14195346025471803392"/><line number="150" hits="864691128455135232"/><line number="151" hits="1729382256910270464"/><line number="155" hits="1152921504606846976"/><line number="156" hits="1152921504606846976"/><line number="157" hits="144115188075855872"/><line number="158" hits="0"/><line number="159" hits="1008806316530991104"/><line number="160" hits="0"/></lines></class><class name="autofix" filename="src\autofix.rs" line-rate="0" branch-rate="0" complexity="0"><methods/><lines><line number="47" hits="0"/><line number="53" hits="0"/><line number="56" hits="0"/><line number="106" hits="0"/><line number="115" hits="0"/><line number="116" hits="0"/><line number="119" hits="0"/><line number="127" hits="0"/><line number="128" hits="0"/><line number="130" hits="0"/><line number="131" hits="0"/><line number="134" hits="0"/><line number="135" hits="0"/><line number="137" hits="0"/><line number="138" hits="0"/><line number="139" hits="0"/><line number="145" hits="0"/><line number="149" hits="0"/><line number="154" hits="0"/><line number="155" hits="0"/><line number="156" hits="0"/><line number="158" hits="0"/><line number="159" hits="0"/><line number="160" hits="0"/><line number="162" hits="0"/><line number="163" hits="0"/><line number="164" hits="0"/><line number="165" hits="0"/><line number="166" hits="0"/><line number="172" hits="0"/><line number="173" hits="0"/><line number="176" hits="0"/><line number="178" hits="0"/><line number="179" hits="0"/><line number="180" hits="0"/><line number="185" hits="0"/><line number="187" hits="0"/><line number="188" hits="0"/><line number="189" hits="0"/><line number="194" hits="0"/><line number="195" hits="0"/><line number="196" hits="0"/><line number="199" hits="0"/><line number="200" hits="0"/><line number="204" hits="0"/><line number="206" hits="0"/><line number="210" hits="0"/><line number="217" hits="0"/><line number="220" hits="0"/><line number="221" hits="0"/><line number="225" hits="0"/><line number="228" hits="0"/><line number="229" hits="0"/><line number="230" hits="0"/><line number="232" hits="0"/><line number="233" hits="0"/><line number="234" hits="0"/><line number="235" hits="0"/><line number="240" hits="0"/><line number="241" hits="0"/><line number="243" hits="0"/><line number="244" hits="0"/><line number="245" hits="0"/><line number="246" hits="0"/><line number="249" hits="0"/><line number="250" hits="0"/><line number="253" hits="0"/><line number="254" hits="0"/><line number="257" hits="0"/><line number="258" hits="0"/><line number="259" hits="0"/><line number="260" hits="0"/><line number="261" hits="0"/><line number="270" hits="0"/></lines></class><class name="cache" filename="src\cache.rs" line-rate="0.8305084745762712" branch-rate="0" complexity="0"><methods/><lines><line number="33" hits="3963167672086036480"/><line number="34" hits="15852670688344145920"/><line number="39" hits="864691128455135232"/><line number="40" hits="2594073385365405696"/><line number="41" hits="864691128455135232"/><line number="42" hits="0"/><line number="43" hits="0"/><line number="44" hits="0"/><line number="45" hits="0"/><line number="47" hits="1729382256910270464"/><line number="52" hits="504403158265495552"/><line number="56" hits="504403158265495552"/><line number="62" hits="936748722493063168"/><line number="63" hits="1873497444986126336"/><line number="64" hits="3746994889972252672"/><line number="65" hits="2161727821137838080"/><line number="67" hits="864691128455135232"/><line number="68" hits="0"/><line number="71" hits="432345564227567616"/><line number="75" hits="864691128455135232"/><line number="76" hits="2594073385365405696"/><line number="77" hits="1729382256910270464"/><line number="78" hits="1729382256910270464"/><line number="79" hits="864691128455135232"/><line number="80" hits="2594073385365405696"/><line number="81" hits="2594073385365405696"/><line number="85" hits="3098476543630901248"/><line number="86" hits="15492382718154506240"/><line number="87" hits="6196953087261802496"/><line number="93" hits="1369094286720630784"/><line number="94" hits="1369094286720630784"/><line number="95" hits="2738188573441261568"/><line number="96" hits="3242591731706757120"/><line number="100" hits="432345564227567616"/><line number="101" hits="1729382256910270464"/><line number="105" hits="0"/><line number="106" hits="0"/><line number="117" hits="72057594037927936"/><line number="123" hits="288230376151711744"/><line number="124" hits="216172782113783808"/><line number="126" hits="72057594037927936"/><line number="127" hits="144115188075855872"/><line number="128" hits="72057594037927936"/><line number="132" hits="216172782113783808"/><line number="134" hits="576460752303423488"/><line number="135" hits="144115188075855872"/><line number="139" hits="216172782113783808"/><line number="140" hits="216172782113783808"/><line number="142" hits="432345564227567616"/><line number="143" hits="72057594037927936"/><line number="146" hits="0"/><line number="149" hits="72057594037927936"/><line number="150" hits="216172782113783808"/><line number="152" hits="360287970189639680"/><line number="153" hits="288230376151711744"/><line number="156" hits="72057594037927936"/><line number="157" hits="144115188075855872"/><line number="160" hits="0"/><line number="161" hits="0"/></lines></class><class name="circular" filename="src\circular.rs" line-rate="0.46120689655172414" branch-rate="0" complexity="0"><methods/><lines><line number="29" hits="1152921504606846976"/><line number="31" hits="2305843009213693952"/><line number="32" hits="2305843009213693952"/><line number="33" hits="1152921504606846976"/><line number="38" hits="1152921504606846976"/><line number="39" hits="6196953087261802496"/><line number="41" hits="12610078956637388800"/><line number="44" hits="10088063165309911040"/><line number="45" hits="7566047373982433280"/><line number="48" hits="2522015791327477760"/><line number="49" hits="7566047373982433280"/><line number="50" hits="2522015791327477760"/><line number="53" hits="5836665117072162816"/><line number="54" hits="5476377146882523136"/><line number="55" hits="2017612633061982208"/><line number="58" hits="2017612633061982208"/><line number="59" hits="1513209474796486656"/><line number="60" hits="2017612633061982208"/><line number="61" hits="1008806316530991104"/><line number="62" hits="2017612633061982208"/><line number="65" hits="1513209474796486656"/><line number="66" hits="1513209474796486656"/><line number="67" hits="1008806316530991104"/><line number="68" hits="1008806316530991104"/><line number="74" hits="1152921504606846976"/><line number="78" hits="1152921504606846976"/><line number="79" hits="2305843009213693952"/><line number="80" hits="2305843009213693952"/><line number="81" hits="2305843009213693952"/><line number="82" hits="2305843009213693952"/><line number="84" hits="4827858800541171712"/><line number="85" hits="7277816997830721536"/><line number="86" hits="13402712491054596096"/><line number="90" hits="1152921504606846976"/><line number="94" hits="2522015791327477760"/><line number="102" hits="10088063165309911040"/><line number="103" hits="10088063165309911040"/><line number="104" hits="10088063165309911040"/><line number="106" hits="7566047373982433280"/><line number="107" hits="3530822107858468864"/><line number="108" hits="1297036692682702848"/><line number="109" hits="1729382256910270464"/><line number="110" hits="936748722493063168"/><line number="112" hits="1297036692682702848"/><line number="113" hits="648518346341351424"/><line number="114" hits="864691128455135232"/><line number="116" hits="648518346341351424"/><line number="117" hits="648518346341351424"/><line number="118" hits="432345564227567616"/><line number="124" hits="5044031582654955520"/><line number="125" hits="7566047373982433280"/><line number="129" hits="2522015791327477760"/><line number="130" hits="5044031582654955520"/><line number="133" hits="1729382256910270464"/><line number="135" hits="5044031582654955520"/><line number="136" hits="5044031582654955520"/><line number="137" hits="2522015791327477760"/><line number="138" hits="2522015791327477760"/><line number="139" hits="2522015791327477760"/><line number="141" hits="0"/><line number="142" hits="0"/><line number="143" hits="0"/><line number="144" hits="0"/><line number="146" hits="0"/><line number="149" hits="12610078956637388800"/><line number="150" hits="17654110539292344320"/><line number="151" hits="7566047373982433280"/><line number="153" hits="5044031582654955520"/><line number="155" hits="2522015791327477760"/><line number="158" hits="11745387828182253568"/><line number="159" hits="1657324662872342528"/><line number="160" hits="4611686018427387904"/><line number="162" hits="4971973988617027584"/><line number="166" hits="2522015791327477760"/><line number="170" hits="1657324662872342528"/><line number="172" hits="3314649325744685056"/><line number="173" hits="3314649325744685056"/><line number="174" hits="1657324662872342528"/><line number="178" hits="0"/><line number="182" hits="4971973988617027584"/><line number="183" hits="6629298651489370112"/><line number="186" hits="4971973988617027584"/><line number="187" hits="11385099857992613888"/><line number="188" hits="15348267530078650368"/><line number="189" hits="5116089176692883456"/><line number="190" hits="504403158265495552"/><line number="195" hits="2305843009213693952"/><line number="196" hits="2305843009213693952"/><line number="198" hits="1152921504606846976"/><line number="199" hits="0"/><line number="201" hits="1152921504606846976"/><line number="202" hits="0"/><line number="206" hits="1152921504606846976"/><line number="207" hits="0"/><line number="209" hits="1152921504606846976"/><line number="214" hits="3026418949592973312"/><line number="216" hits="9079256848778919936"/><line number="217" hits="3026418949592973312"/><line number="220" hits="0"/><line number="222" hits="0"/><line number="224" hits="0"/><line number="228" hits="7421932185906577408"/><line number="229" hits="2738188573441261568"/><line number="231" hits="3314649325744685056"/><line number="239" hits="504403158265495552"/><line number="241" hits="504403158265495552"/><line number="245" hits="216172782113783808"/><line number="246" hits="432345564227567616"/><line number="247" hits="0"/><line number="250" hits="432345564227567616"/><line number="251" hits="2089670227099910144"/><line number="252" hits="1945555039024054272"/><line number="253" hits="2017612633061982208"/><line number="256" hits="648518346341351424"/><line number="257" hits="216172782113783808"/><line number="260" hits="216172782113783808"/><line number="264" hits="0"/><line number="265" hits="0"/><line number="268" hits="0"/><line number="271" hits="0"/><line number="274" hits="0"/><line number="275" hits="0"/><line number="276" hits="0"/><line number="278" hits="0"/><line number="279" hits="0"/><line number="280" hits="0"/><line number="282" hits="0"/><line number="283" hits="0"/><line number="284" hits="0"/><line number="285" hits="0"/><line number="286" hits="0"/><line number="289" hits="0"/><line number="290" hits="0"/><line number="291" hits="0"/><line number="292" hits="0"/><line number="297" hits="0"/><line number="301" hits="0"/><line number="303" hits="0"/><line number="305" hits="0"/><line number="306" hits="0"/><line number="307" hits="0"/><line number="311" hits="0"/><line number="314" hits="0"/><line number="316" hits="0"/><line number="317" hits="0"/><line number="318" hits="0"/><line number="322" hits="0"/><line number="327" hits="0"/><line number="328" hits="0"/><line number="329" hits="0"/><line number="331" hits="0"/><line number="332" hits="0"/><line number="333" hits="0"/><line number="335" hits="0"/><line number="338" hits="0"/><line number="339" hits="0"/><line number="340" hits="0"/><line number="341" hits="0"/><line number="347" hits="0"/><line number="348" hits="0"/><line number="349" hits="0"/><line number="350" hits="0"/><line number="356" hits="0"/><line number="360" hits="0"/><line number="361" hits="0"/><line number="362" hits="0"/><line number="363" hits="0"/><line number="364" hits="0"/><line number="366" hits="0"/><line number="367" hits="0"/><line number="368" hits="0"/><line number="369" hits="0"/><line number="370" hits="0"/><line number="371" hits="0"/><line number="372" hits="0"/><line number="373" hits="0"/><line number="374" hits="0"/><line number="379" hits="0"/><line number="383" hits="0"/><line number="392" hits="0"/><line number="393" hits="0"/><line number="394" hits="0"/><line number="396" hits="0"/><line number="397" hits="0"/><line number="399" hits="0"/><line number="400" hits="0"/><line number="403" hits="0"/><line number="404" hits="0"/><line number="405" hits="0"/><line number="406" hits="0"/><line number="407" hits="0"/><line number="408" hits="0"/><line number="409" hits="0"/><line number="410" hits="0"/><line number="412" hits="0"/><line number="414" hits="0"/><line number="415" hits="0"/><line number="416" hits="0"/><line number="418" hits="0"/><line number="419" hits="0"/><line number="420" hits="0"/><line number="426" hits="0"/><line number="427" hits="0"/><line number="432" hits="1152921504606846976"/><line number="437" hits="3458764513820540928"/><line number="438" hits="4611686018427387904"/><line number="439" hits="1152921504606846976"/><line number="443" hits="0"/><line number="444" hits="0"/><line number="445" hits="0"/><line number="446" hits="0"/><line number="449" hits="0"/><line number="450" hits="0"/><line number="451" hits="0"/><line number="452" hits="0"/><line number="455" hits="0"/><line number="456" hits="0"/><line number="457" hits="0"/><line number="458" hits="0"/><line number="461" hits="0"/><line number="462" hits="0"/><line number="463" hits="0"/><line number="464" hits="0"/><line number="466" hits="0"/><line number="469" hits="0"/><line number="471" hits="0"/><line number="472" hits="0"/><line number="475" hits="0"/><line number="476" hits="0"/><line number="477" hits="0"/><line number="478" hits="0"/><line number="479" hits="0"/></lines></class><class name="cli" filename="src\cli.rs" line-rate="0.928" branch-rate="0" complexity="0"><methods/><lines><line number="14" hits="1080863910568919040"/><line number="15" hits="1080863910568919040"/><line number="16" hits="1945555039024054272"/><line number="17" hits="432345564227567616"/><line number="18" hits="144115188075855872"/><line number="47" hits="144115188075855872"/><line number="48" hits="288230376151711744"/><line number="49" hits="144115188075855872"/><line number="50" hits="288230376151711744"/><line number="51" hits="288230376151711744"/><line number="52" hits="144115188075855872"/><line number="53" hits="288230376151711744"/><line number="54" hits="288230376151711744"/><line number="55" hits="144115188075855872"/><line number="56" hits="288230376151711744"/><line number="57" hits="288230376151711744"/><line number="58" hits="144115188075855872"/><line number="59" hits="288230376151711744"/><line number="60" hits="288230376151711744"/><line number="61" hits="288230376151711744"/><line number="62" hits="288230376151711744"/><line number="63" hits="288230376151711744"/><line number="64" hits="288230376151711744"/><line number="65" hits="288230376151711744"/><line number="66" hits="288230376151711744"/><line number="67" hits="288230376151711744"/><line number="68" hits="288230376151711744"/><line number="69" hits="144115188075855872"/><line number="70" hits="288230376151711744"/><line number="71" hits="288230376151711744"/><line number="72" hits="288230376151711744"/><line number="73" hits="288230376151711744"/><line number="74" hits="288230376151711744"/><line number="75" hits="288230376151711744"/><line number="76" hits="288230376151711744"/><line number="77" hits="288230376151711744"/><line number="78" hits="288230376151711744"/><line number="79" hits="144115188075855872"/><line number="80" hits="144115188075855872"/><line number="82" hits="144115188075855872"/><line number="83" hits="288230376151711744"/><line number="84" hits="288230376151711744"/><line number="85" hits="288230376151711744"/><line number="86" hits="288230376151711744"/><line number="87" hits="288230376151711744"/><line number="88" hits="288230376151711744"/><line number="89" hits="288230376151711744"/><line number="90" hits="288230376151711744"/><line number="91" hits="288230376151711744"/><line number="92" hits="288230376151711744"/><line number="93" hits="288230376151711744"/><line number="94" hits="144115188075855872"/><line number="95" hits="288230376151711744"/><line number="96" hits="288230376151711744"/><line number="97" hits="288230376151711744"/><line number="98" hits="288230376151711744"/><line number="99" hits="288230376151711744"/><line number="100" hits="288230376151711744"/><line number="101" hits="144115188075855872"/><line number="102" hits="288230376151711744"/><line number="103" hits="288230376151711744"/><line number="107" hits="144115188075855872"/><line number="108" hits="288230376151711744"/><line number="114" hits="1657324662872342528"/><line number="115" hits="6629298651489370112"/><line number="117" hits="3314649325744685056"/><line number="118" hits="3314649325744685056"/><line number="119" hits="3314649325744685056"/><line number="120" hits="3314649325744685056"/><line number="121" hits="3314649325744685056"/><line number="122" hits="3314649325744685056"/><line number="123" hits="4971973988617027584"/><line number="124" hits="4971973988617027584"/><line number="125" hits="4971973988617027584"/><line number="128" hits="3314649325744685056"/><line number="129" hits="9223372036854775808"/><line number="130" hits="3386706919782612992"/><line number="131" hits="6701356245527298048"/><line number="132" hits="144115188075855872"/><line number="133" hits="144115188075855872"/><line number="135" hits="6413125869375586304"/><line number="136" hits="144115188075855872"/><line number="137" hits="144115188075855872"/><line number="139" hits="6196953087261802496"/><line number="140" hits="0"/><line number="142" hits="6196953087261802496"/><line number="143" hits="0"/><line number="145" hits="6196953087261802496"/><line number="146" hits="72057594037927936"/><line number="148" hits="6052837899185946624"/><line number="149" hits="0"/><line number="151" hits="3026418949592973312"/><line number="152" hits="0"/><line number="154" hits="6052837899185946624"/><line number="155" hits="0"/><line number="157" hits="5116089176692883456"/><line number="159" hits="2161727821137838080"/><line number="160" hits="1080863910568919040"/><line number="161" hits="4035225266123964416"/><line number="162" hits="936748722493063168"/><line number="164" hits="144115188075855872"/><line number="165" hits="144115188075855872"/><line number="166" hits="144115188075855872"/><line number="168" hits="144115188075855872"/><line number="171" hits="0"/><line number="172" hits="0"/><line number="175" hits="3170534137668829184"/><line number="177" hits="2594073385365405696"/><line number="178" hits="1729382256910270464"/><line number="179" hits="1729382256910270464"/><line number="181" hits="0"/><line number="182" hits="0"/><line number="187" hits="2161727821137838080"/><line number="188" hits="2161727821137838080"/><line number="192" hits="2954361355555045376"/><line number="195" hits="1224979098644774912"/><line number="196" hits="2449958197289549824"/><line number="197" hits="2449958197289549824"/><line number="198" hits="2449958197289549824"/><line number="199" hits="2449958197289549824"/><line number="200" hits="2449958197289549824"/><line number="201" hits="2449958197289549824"/><line number="202" hits="2449958197289549824"/><line number="203" hits="1224979098644774912"/><line number="204" hits="1224979098644774912"/></lines></class><class name="detector" filename="src\detector.rs" line-rate="0.2682926829268293" branch-rate="0" complexity="0"><methods/><lines><line number="8" hits="1585267068834414592"/><line number="10" hits="4755801206503243776"/><line number="11" hits="1585267068834414592"/><line number="12" hits="0"/><line number="13" hits="0"/><line number="15" hits="0"/><line number="16" hits="0"/><line number="18" hits="0"/><line number="19" hits="0"/><line number="21" hits="0"/><line number="22" hits="0"/><line number="27" hits="4755801206503243776"/><line number="28" hits="1585267068834414592"/><line number="29" hits="0"/><line number="30" hits="0"/><line number="31" hits="0"/><line number="33" hits="0"/><line number="34" hits="0"/><line number="36" hits="0"/><line number="37" hits="0"/><line number="42" hits="4755801206503243776"/><line number="43" hits="1585267068834414592"/><line number="44" hits="0"/><line number="45" hits="0"/><line number="46" hits="0"/><line number="48" hits="0"/><line number="49" hits="0"/><line number="51" hits="0"/><line number="52" hits="0"/><line number="57" hits="4755801206503243776"/><line number="58" hits="1585267068834414592"/><line number="59" hits="0"/><line number="60" hits="0"/><line number="61" hits="0"/><line number="63" hits="0"/><line number="64" hits="0"/><line number="66" hits="0"/><line number="67" hits="0"/><line number="72" hits="4755801206503243776"/><line number="73" hits="1585267068834414592"/><line number="74" hits="0"/><line number="75" hits="0"/><line number="77" hits="0"/><line number="78" hits="0"/><line number="83" hits="4755801206503243776"/><line number="84" hits="1585267068834414592"/><line number="85" hits="0"/><line number="86" hits="0"/><line number="88" hits="0"/><line number="89" hits="0"/><line number="90" hits="0"/><line number="92" hits="0"/><line number="97" hits="4755801206503243776"/><line number="98" hits="1585267068834414592"/><line number="99" hits="0"/><line number="100" hits="0"/><line number="105" hits="4755801206503243776"/><line number="106" hits="3170534137668829184"/><line number="108" hits="1585267068834414592"/><line number="110" hits="1585267068834414592"/><line number="111" hits="0"/><line number="112" hits="0"/><line number="115" hits="4755801206503243776"/><line number="116" hits="1585267068834414592"/><line number="117" hits="0"/><line number="118" hits="0"/><line number="122" hits="1585267068834414592"/><line number="127" hits="0"/><line number="128" hits="0"/><line number="129" hits="0"/><line number="130" hits="0"/><line number="131" hits="0"/><line number="132" hits="0"/><line number="134" hits="0"/><line number="135" hits="0"/><line number="136" hits="0"/><line number="138" hits="0"/><line number="139" hits="0"/><line number="141" hits="0"/><line number="143" hits="0"/><line number="144" hits="0"/><line number="145" hits="0"/></lines></class><class name="discovery" filename="src\discovery.rs" line-rate="0.12980769230769232" branch-rate="0" complexity="0"><methods/><lines><line number="20" hits="936748722493063168"/><line number="21" hits="1873497444986126336"/><line number="23" hits="1873497444986126336"/><line number="25" hits="2089670227099910144"/><line number="26" hits="10592466323575406592"/><line number="27" hits="5764607523034234880"/><line number="28" hits="14483576401623515136"/><line number="31" hits="4827858800541171712"/><line number="32" hits="0"/><line number="36" hits="17149707381026848768"/><line number="37" hits="10376293541461622784"/><line number="40" hits="3674937295934324736"/><line number="45" hits="0"/><line number="46" hits="0"/><line number="47" hits="0"/><line number="49" hits="0"/><line number="50" hits="0"/><line number="51" hits="0"/><line number="53" hits="0"/><line number="54" hits="0"/><line number="55" hits="0"/><line number="57" hits="0"/><line number="61" hits="0"/><line number="63" hits="0"/><line number="65" hits="0"/><line number="67" hits="0"/><line number="68" hits="0"/><line number="69" hits="0"/><line number="70" hits="0"/><line number="72" hits="0"/><line number="73" hits="0"/><line number="74" hits="0"/><line number="76" hits="0"/><line number="77" hits="0"/><line number="89" hits="0"/><line number="90" hits="0"/><line number="93" hits="0"/><line number="94" hits="0"/><line number="95" hits="0"/><line number="96" hits="0"/><line number="97" hits="0"/><line number="99" hits="0"/><line number="100" hits="0"/><line number="106" hits="0"/><line number="107" hits="0"/><line number="108" hits="0"/><line number="109" hits="0"/><line number="111" hits="0"/><line number="112" hits="0"/><line number="115" hits="0"/><line number="116" hits="0"/><line number="118" hits="0"/><line number="121" hits="0"/><line number="122" hits="0"/><line number="128" hits="0"/><line number="129" hits="0"/><line number="130" hits="0"/><line number="131" hits="0"/><line number="132" hits="0"/><line number="133" hits="0"/><line number="136" hits="0"/><line number="137" hits="0"/><line number="138" hits="0"/><line number="139" hits="0"/><line number="140" hits="0"/><line number="143" hits="0"/><line number="145" hits="0"/><line number="146" hits="0"/><line number="148" hits="0"/><line number="149" hits="0"/><line number="150" hits="0"/><line number="154" hits="0"/><line number="155" hits="0"/><line number="158" hits="0"/><line number="162" hits="0"/><line number="163" hits="0"/><line number="171" hits="0"/><line number="172" hits="0"/><line number="173" hits="0"/><line number="174" hits="0"/><line number="175" hits="0"/><line number="178" hits="0"/><line number="179" hits="0"/><line number="180" hits="0"/><line number="182" hits="0"/><line number="183" hits="0"/><line number="184" hits="0"/><line number="188" hits="0"/><line number="190" hits="0"/><line number="191" hits="0"/><line number="196" hits="0"/><line number="197" hits="0"/><line number="198" hits="0"/><line number="199" hits="0"/><line number="207" hits="0"/><line number="208" hits="0"/><line number="209" hits="0"/><line number="210" hits="0"/><line number="211" hits="0"/><line number="213" hits="0"/><line number="214" hits="0"/><line number="220" hits="0"/><line number="221" hits="0"/><line number="222" hits="0"/><line number="223" hits="0"/><line number="224" hits="0"/><line number="226" hits="0"/><line number="227" hits="0"/><line number="228" hits="0"/><line number="230" hits="0"/><line number="231" hits="0"/><line number="232" hits="0"/><line number="235" hits="0"/><line number="236" hits="0"/><line number="237" hits="0"/><line number="239" hits="0"/><line number="242" hits="0"/><line number="243" hits="0"/><line number="250" hits="0"/><line number="251" hits="0"/><line number="252" hits="0"/><line number="253" hits="0"/><line number="256" hits="0"/><line number="257" hits="0"/><line number="258" hits="0"/><line number="259" hits="0"/><line number="260" hits="0"/><line number="261" hits="0"/><line number="263" hits="0"/><line number="264" hits="0"/><line number="274" hits="0"/><line number="275" hits="0"/><line number="276" hits="0"/><line number="277" hits="0"/><line number="280" hits="0"/><line number="281" hits="0"/><line number="282" hits="0"/><line number="283" hits="0"/><line number="284" hits="0"/><line number="285" hits="0"/><line number="286" hits="0"/><line number="295" hits="0"/><line number="299" hits="4899916394579099648"/><line number="305" hits="14699749183737298944"/><line number="306" hits="1152921504606846976"/><line number="307" hits="1152921504606846976"/><line number="308" hits="9799832789158199296"/><line number="313" hits="4899916394579099646"/><line number="314" hits="12682136550675316733"/><line number="317" hits="2305843009213693950"/><line number="318" hits="2161727821137838078"/><line number="319" hits="14627691589699371003"/><line number="321" hits="72057594037927936"/><line number="325" hits="2161727821137838078"/><line number="326" hits="2161727821137838078"/><line number="327" hits="2161727821137838078"/><line number="329" hits="2233785415175766016"/><line number="334" hits="2594073385365405696"/><line number="337" hits="0"/><line number="338" hits="0"/><line number="341" hits="0"/><line number="342" hits="0"/><line number="343" hits="0"/><line number="344" hits="0"/><line number="345" hits="0"/><line number="346" hits="0"/><line number="347" hits="0"/><line number="348" hits="0"/><line number="349" hits="0"/><line number="350" hits="0"/><line number="351" hits="0"/><line number="352" hits="0"/><line number="353" hits="0"/><line number="354" hits="0"/><line number="355" hits="0"/><line number="359" hits="0"/><line number="360" hits="0"/><line number="361" hits="0"/><line number="362" hits="0"/><line number="363" hits="0"/><line number="364" hits="0"/><line number="365" hits="0"/><line number="369" hits="0"/><line number="370" hits="0"/><line number="371" hits="0"/><line number="372" hits="0"/><line number="373" hits="0"/><line number="374" hits="0"/><line number="378" hits="0"/><line number="379" hits="0"/><line number="380" hits="0"/><line number="381" hits="0"/><line number="382" hits="0"/><line number="383" hits="0"/><line number="384" hits="0"/><line number="388" hits="0"/><line number="389" hits="0"/><line number="390" hits="0"/><line number="391" hits="0"/><line number="392" hits="0"/><line number="393" hits="0"/><line number="394" hits="0"/><line number="395" hits="0"/><line number="398" hits="0"/><line number="399" hits="0"/><line number="400" hits="0"/><line number="401" hits="0"/><line number="402" hits="0"/></lines></class><class name="git" filename="src\git.rs" line-rate="0.05714285714285714" branch-rate="0" complexity="0"><methods/><lines><line number="11" hits="144115188075855872"/><line number="12" hits="288230376151711744"/><line number="17" hits="0"/><line number="18" hits="0"/><line number="19" hits="0"/><line number="21" hits="0"/><line number="23" hits="0"/><line number="25" hits="0"/><line number="26" hits="0"/><line number="29" hits="0"/><line number="31" hits="0"/><line number="32" hits="0"/><line number="33" hits="0"/><line number="35" hits="0"/><line number="37" hits="0"/><line number="38" hits="0"/><line number="40" hits="0"/><line number="41" hits="0"/><line number="42" hits="0"/><line number="43" hits="0"/><line number="45" hits="0"/><line number="46" hits="0"/><line number="47" hits="0"/><line number="49" hits="0"/><line number="50" hits="0"/><line number="52" hits="0"/><line number="57" hits="0"/><line number="61" hits="0"/><line number="62" hits="0"/><line number="63" hits="0"/><line number="65" hits="0"/><line number="66" hits="0"/><line number="67" hits="0"/><line number="68" hits="0"/><line number="69" hits="0"/></lines></class><class name="git_changes" filename="src\git_changes.rs" line-rate="0.7" branch-rate="0" complexity="0"><methods/><lines><line number="5" hits="216172782113783808"/><line number="6" hits="648518346341351424"/><line number="9" hits="432345564227567616"/><line number="12" hits="216172782113783808"/><line number="14" hits="864691128455135232"/><line number="15" hits="648518346341351424"/><line number="18" hits="432345564227567616"/><line number="19" hits="648518346341351424"/><line number="20" hits="648518346341351424"/><line number="23" hits="1297036692682702848"/><line number="25" hits="648518346341351424"/><line number="28" hits="0"/><line number="31" hits="216172782113783808"/><line number="34" hits="216172782113783808"/><line number="35" hits="432345564227567616"/><line number="36" hits="1080863910568919040"/><line number="38" hits="432345564227567616"/><line number="39" hits="216172782113783808"/><line number="40" hits="432345564227567616"/><line number="41" hits="432345564227567616"/><line number="42" hits="0"/><line number="45" hits="216172782113783808"/><line number="47" hits="216172782113783808"/><line number="48" hits="216172782113783808"/><line number="49" hits="216172782113783808"/><line number="52" hits="216172782113783808"/><line number="55" hits="0"/><line number="56" hits="0"/><line number="57" hits="0"/><line number="59" hits="0"/><line number="60" hits="0"/><line number="61" hits="0"/><line number="62" hits="0"/><line number="63" hits="0"/><line number="66" hits="0"/><line number="69" hits="0"/><line number="72" hits="216172782113783808"/><line number="73" hits="432345564227567616"/><line number="74" hits="648518346341351424"/><line number="75" hits="1080863910568919040"/></lines></class><class name="main" filename="src\main.rs" line-rate="0.13090128755364808" branch-rate="0" complexity="0"><methods/><lines><line number="55" hits="0"/><line number="61" hits="0"/><line number="62" hits="0"/><line number="63" hits="0"/><line number="64" hits="0"/><line number="65" hits="0"/><line number="66" hits="0"/><line number="71" hits="0"/><line number="72" hits="0"/><line number="73" hits="0"/><line number="76" hits="0"/><line number="78" hits="0"/><line number="82" hits="0"/><line number="83" hits="0"/><line number="85" hits="0"/><line number="86" hits="0"/><line number="87" hits="0"/><line number="88" hits="0"/><line number="89" hits="0"/><line number="90" hits="0"/><line number="93" hits="0"/><line number="96" hits="0"/><line number="99" hits="0"/><line number="100" hits="0"/><line number="102" hits="0"/><line number="103" hits="0"/><line number="107" hits="0"/><line number="108" hits="0"/><line number="109" hits="0"/><line number="110" hits="0"/><line number="111" hits="0"/><line number="112" hits="0"/><line number="116" hits="1657324662872342528"/><line number="118" hits="2882303761517117440"/><line number="119" hits="2449958197289549824"/><line number="120" hits="432345564227567616"/><line number="123" hits="1224979098644774912"/><line number="126" hits="3314649325744685056"/><line number="127" hits="2233785415175766016"/><line number="129" hits="288230376151711744"/><line number="133" hits="3963167672086036480"/><line number="135" hits="1873497444986126336"/><line number="138" hits="936748722493063168"/><line number="146" hits="0"/><line number="147" hits="0"/><line number="153" hits="936748722493063168"/><line number="154" hits="0"/><line number="155" hits="936748722493063168"/><line number="156" hits="0"/><line number="157" hits="936748722493063168"/><line number="158" hits="0"/><line number="160" hits="4683743612465315840"/><line number="163" hits="936748722493063168"/><line number="167" hits="936748722493063168"/><line number="173" hits="3746994889972252672"/><line number="176" hits="936748722493063168"/><line number="177" hits="0"/><line number="178" hits="0"/><line number="179" hits="0"/><line number="182" hits="0"/><line number="183" hits="0"/><line number="184" hits="0"/><line number="185" hits="0"/><line number="187" hits="0"/><line number="191" hits="2810246167479189504"/><line number="192" hits="3746994889972252672"/><line number="195" hits="1873497444986126336"/><line number="196" hits="144115188075855872"/><line number="197" hits="72057594037927936"/><line number="201" hits="2594073385365405696"/><line number="202" hits="1729382256910270464"/><line number="203" hits="864691128455135232"/><line number="204" hits="1729382256910270464"/><line number="205" hits="864691128455135232"/><line number="207" hits="1729382256910270464"/><line number="209" hits="2594073385365405696"/><line number="212" hits="1729382256910270464"/><line number="213" hits="2594073385365405696"/><line number="214" hits="1729382256910270464"/><line number="215" hits="2594073385365405696"/><line number="216" hits="2161727821137838080"/><line number="218" hits="0"/><line number="223" hits="864691128455135232"/><line number="224" hits="864691128455135232"/><line number="225" hits="1729382256910270464"/><line number="226" hits="864691128455135232"/><line number="227" hits="864691128455135232"/><line number="228" hits="864691128455135232"/><line number="229" hits="864691128455135232"/><line number="231" hits="0"/><line number="236" hits="864691128455135232"/><line number="237" hits="1729382256910270464"/><line number="238" hits="0"/><line number="243" hits="1729382256910270464"/><line number="244" hits="4323455642275676160"/><line number="246" hits="864691128455135232"/><line number="247" hits="864691128455135232"/><line number="248" hits="864691128455135232"/><line number="249" hits="0"/><line number="252" hits="0"/><line number="253" hits="0"/><line number="257" hits="1729382256910270464"/><line number="260" hits="2594073385365405696"/><line number="261" hits="864691128455135232"/><line number="264" hits="1729382256910270464"/><line number="265" hits="3458764513820540928"/><line number="267" hits="1729382256910270464"/><line number="268" hits="2594073385365405696"/><line number="269" hits="2594073385365405696"/><line number="270" hits="1729382256910270464"/><line number="272" hits="0"/><line number="276" hits="1729382256910270464"/><line number="277" hits="0"/><line number="279" hits="864691128455135232"/><line number="283" hits="0"/><line number="286" hits="0"/><line number="289" hits="0"/><line number="290" hits="0"/><line number="291" hits="0"/><line number="295" hits="0"/><line number="296" hits="0"/><line number="298" hits="0"/><line number="303" hits="0"/><line number="308" hits="0"/><line number="309" hits="0"/><line number="312" hits="0"/><line number="313" hits="0"/><line number="314" hits="0"/><line number="315" hits="0"/><line number="316" hits="0"/><line number="317" hits="0"/><line number="321" hits="0"/><line number="322" hits="0"/><line number="323" hits="0"/><line number="324" hits="0"/><line number="327" hits="0"/><line number="328" hits="0"/><line number="333" hits="0"/><line number="334" hits="0"/><line number="336" hits="0"/><line number="340" hits="0"/><line number="343" hits="0"/><line number="344" hits="0"/><line number="345" hits="0"/><line number="346" hits="0"/><line number="349" hits="0"/><line number="350" hits="0"/><line number="351" hits="0"/><line number="352" hits="0"/><line number="355" hits="0"/><line number="357" hits="0"/><line number="358" hits="0"/><line number="360" hits="0"/><line number="361" hits="0"/><line number="362" hits="0"/><line number="363" hits="0"/><line number="367" hits="0"/><line number="368" hits="0"/><line number="369" hits="0"/><line number="372" hits="0"/><line number="373" hits="0"/><line number="374" hits="0"/><line number="377" hits="0"/><line number="378" hits="0"/><line number="380" hits="0"/><line number="381" hits="0"/><line number="382" hits="0"/><line number="383" hits="0"/><line number="384" hits="0"/><line number="385" hits="0"/><line number="386" hits="0"/><line number="387" hits="0"/><line number="390" hits="0"/><line number="391" hits="0"/><line number="393" hits="0"/><line number="395" hits="0"/><line number="396" hits="0"/><line number="397" hits="0"/><line number="398" hits="0"/><line number="399" hits="0"/><line number="401" hits="0"/><line number="402" hits="0"/><line number="403" hits="0"/><line number="404" hits="0"/><line number="405" hits="0"/><line number="406" hits="0"/><line number="410" hits="0"/><line number="411" hits="0"/><line number="412" hits="0"/><line number="415" hits="0"/><line number="416" hits="0"/><line number="418" hits="0"/><line number="419" hits="0"/><line number="420" hits="0"/><line number="421" hits="0"/><line number="422" hits="0"/><line number="423" hits="0"/><line number="424" hits="0"/><line number="426" hits="0"/><line number="427" hits="0"/><line number="428" hits="0"/><line number="429" hits="0"/><line number="432" hits="0"/><line number="433" hits="0"/><line number="434" hits="0"/><line number="435" hits="0"/><line number="436" hits="0"/><line number="437" hits="0"/><line number="438" hits="0"/><line number="439" hits="0"/><line number="443" hits="0"/><line number="445" hits="0"/><line number="451" hits="0"/><line number="452" hits="0"/><line number="453" hits="0"/><line number="454" hits="0"/><line number="455" hits="0"/><line number="457" hits="0"/><line number="458" hits="0"/><line number="459" hits="0"/><line number="463" hits="0"/><line number="464" hits="0"/><line number="467" hits="0"/><line number="470" hits="0"/><line number="471" hits="0"/><line number="472" hits="0"/><line number="473" hits="0"/><line number="474" hits="0"/><line number="475" hits="0"/><line number="476" hits="0"/><line number="478" hits="0"/><line number="479" hits="0"/><line number="480" hits="0"/><line number="483" hits="0"/><line number="487" hits="0"/><line number="493" hits="0"/><line number="494" hits="0"/><line number="495" hits="0"/><line number="496" hits="0"/><line number="499" hits="0"/><line number="502" hits="0"/><line number="504" hits="0"/><line number="505" hits="0"/><line number="508" hits="0"/><line number="509" hits="0"/><line number="510" hits="0"/><line number="513" hits="0"/><line number="514" hits="0"/><line number="517" hits="0"/><line number="518" hits="0"/><line number="521" hits="0"/><line number="522" hits="0"/><line number="523" hits="0"/><line number="524" hits="0"/><line number="525" hits="0"/><line number="526" hits="0"/><line number="527" hits="0"/><line number="528" hits="0"/><line number="533" hits="0"/><line number="534" hits="0"/><line number="535" hits="0"/><line number="536" hits="0"/><line number="537" hits="0"/><line number="538" hits="0"/><line number="542" hits="0"/><line number="543" hits="0"/><line number="544" hits="0"/><line number="545" hits="0"/><line number="548" hits="0"/><line number="551" hits="0"/><line number="554" hits="0"/><line number="555" hits="0"/><line number="556" hits="0"/><line number="558" hits="0"/><line number="559" hits="0"/><line number="560" hits="0"/><line number="564" hits="0"/><line number="565" hits="0"/><line number="566" hits="0"/><line number="569" hits="0"/><line number="570" hits="0"/><line number="571" hits="0"/><line number="573" hits="0"/><line number="576" hits="0"/><line number="577" hits="0"/><line number="579" hits="0"/><line number="580" hits="0"/><line number="581" hits="0"/><line number="582" hits="0"/><line number="583" hits="0"/><line number="584" hits="0"/><line number="585" hits="0"/><line number="589" hits="0"/><line number="590" hits="0"/><line number="591" hits="0"/><line number="592" hits="0"/><line number="593" hits="0"/><line number="598" hits="0"/><line number="599" hits="0"/><line number="600" hits="0"/><line number="601" hits="0"/><line number="602" hits="0"/><line number="603" hits="0"/><line number="604" hits="0"/><line number="605" hits="0"/><line number="608" hits="0"/><line number="609" hits="0"/><line number="610" hits="0"/><line number="611" hits="0"/><line number="614" hits="0"/><line number="615" hits="0"/><line number="616" hits="0"/><line number="618" hits="0"/><line number="619" hits="0"/><line number="620" hits="0"/><line number="621" hits="0"/><line number="624" hits="0"/><line number="626" hits="0"/><line number="627" hits="0"/><line number="628" hits="0"/><line number="629" hits="0"/><line number="630" hits="0"/><line number="631" hits="0"/><line number="632" hits="0"/><line number="634" hits="0"/><line number="639" hits="0"/><line number="640" hits="0"/><line number="641" hits="0"/><line number="642" hits="0"/><line number="644" hits="0"/><line number="646" hits="0"/><line number="647" hits="0"/><line number="650" hits="0"/><line number="653" hits="0"/><line number="654" hits="0"/><line number="655" hits="0"/><line number="656" hits="0"/><line number="659" hits="0"/><line number="660" hits="0"/><line number="661" hits="0"/><line number="662" hits="0"/><line number="663" hits="0"/><line number="664" hits="0"/><line number="667" hits="0"/><line number="668" hits="0"/><line number="669" hits="0"/><line number="672" hits="0"/><line number="675" hits="0"/><line number="677" hits="0"/><line number="678" hits="0"/><line number="681" hits="0"/><line number="682" hits="0"/><line number="683" hits="0"/><line number="684" hits="0"/><line number="685" hits="0"/><line number="686" hits="0"/><line number="689" hits="0"/><line number="690" hits="0"/><line number="691" hits="0"/><line number="692" hits="0"/><line number="693" hits="0"/><line number="694" hits="0"/><line number="697" hits="0"/><line number="698" hits="0"/><line number="699" hits="0"/><line number="700" hits="0"/><line number="701" hits="0"/><line number="702" hits="0"/><line number="703" hits="0"/><line number="707" hits="0"/><line number="708" hits="0"/><line number="710" hits="0"/><line number="711" hits="0"/><line number="714" hits="0"/><line number="715" hits="0"/><line number="716" hits="0"/><line number="717" hits="0"/><line number="718" hits="0"/><line number="720" hits="0"/><line number="721" hits="0"/><line number="722" hits="0"/><line number="723" hits="0"/><line number="724" hits="0"/><line number="725" hits="0"/><line number="727" hits="0"/><line number="728" hits="0"/><line number="730" hits="0"/><line number="731" hits="0"/><line number="733" hits="0"/><line number="734" hits="0"/><line number="735" hits="0"/><line number="738" hits="0"/><line number="739" hits="0"/><line number="742" hits="0"/><line number="744" hits="0"/><line number="748" hits="0"/><line number="749" hits="0"/><line number="750" hits="0"/><line number="755" hits="0"/><line number="756" hits="0"/><line number="757" hits="0"/><line number="758" hits="0"/><line number="763" hits="0"/><line number="764" hits="0"/><line number="765" hits="0"/><line number="767" hits="0"/><line number="769" hits="0"/><line number="770" hits="0"/><line number="772" hits="0"/><line number="773" hits="0"/><line number="774" hits="0"/><line number="777" hits="0"/><line number="781" hits="0"/><line number="785" hits="0"/><line number="789" hits="0"/><line number="790" hits="0"/><line number="792" hits="0"/><line number="793" hits="0"/><line number="794" hits="0"/><line number="795" hits="0"/><line number="799" hits="0"/><line number="803" hits="0"/><line number="808" hits="0"/><line number="810" hits="0"/><line number="811" hits="0"/><line number="812" hits="0"/><line number="817" hits="0"/><line number="818" hits="0"/><line number="820" hits="0"/><line number="821" hits="0"/><line number="822" hits="0"/><line number="823" hits="0"/><line number="826" hits="0"/><line number="827" hits="0"/><line number="828" hits="0"/><line number="832" hits="0"/><line number="833" hits="0"/><line number="836" hits="0"/><line number="838" hits="0"/><line number="839" hits="0"/><line number="840" hits="0"/><line number="841" hits="0"/><line number="842" hits="0"/><line number="843" hits="0"/><line number="847" hits="0"/><line number="848" hits="0"/><line number="852" hits="0"/><line number="853" hits="0"/><line number="856" hits="0"/><line number="857" hits="0"/><line number="859" hits="0"/><line number="860" hits="0"/><line number="861" hits="0"/><line number="862" hits="0"/><line number="864" hits="0"/><line number="868" hits="0"/><line number="869" hits="0"/><line number="871" hits="0"/><line number="875" hits="0"/><line number="878" hits="0"/><line number="881" hits="0"/><line number="882" hits="0"/><line number="883" hits="0"/><line number="887" hits="0"/><line number="888" hits="0"/><line number="890" hits="0"/></lines></class><class name="memory_cache" filename="src\memory_cache.rs" line-rate="0.6875" branch-rate="0" complexity="0"><methods/><lines><line number="14" hits="504403158265495552"/><line number="16" hits="2017612633061982208"/><line number="23" hits="936748722493063168"/><line number="24" hits="2810246167479189504"/><line number="25" hits="2810246167479189504"/><line number="29" hits="864691128455135232"/><line number="30" hits="2594073385365405696"/><line number="31" hits="2594073385365405696"/><line number="35" hits="144115188075855872"/><line number="36" hits="432345564227567616"/><line number="37" hits="144115188075855872"/><line number="41" hits="0"/><line number="42" hits="0"/><line number="43" hits="0"/><line number="47" hits="0"/><line number="48" hits="0"/></lines></class><class name="metrics" filename="src\metrics.rs" line-rate="0.9354838709677419" branch-rate="0" complexity="0"><methods/><lines><line number="18" hits="13907115649320091648"/><line number="19" hits="13907115649320091648"/><line number="20" hits="2882303761517117440"/><line number="21" hits="1873497444986126336"/><line number="22" hits="2305843009213693952"/><line number="23" hits="1297036692682702848"/><line number="24" hits="504403158265495552"/><line number="28" hits="1369094286720630784"/><line number="29" hits="1369094286720630784"/><line number="30" hits="864691128455135232"/><line number="31" hits="288230376151711744"/><line number="32" hits="72057594037927936"/><line number="33" hits="72057594037927936"/><line number="34" hits="72057594037927936"/><line number="38" hits="360287970189639680"/><line number="39" hits="360287970189639680"/><line number="40" hits="72057594037927936"/><line number="41" hits="72057594037927936"/><line number="42" hits="72057594037927936"/><line number="43" hits="72057594037927936"/><line number="44" hits="72057594037927936"/><line number="72" hits="11817445422220181504"/><line number="73" hits="5188146770730811392"/><line number="74" hits="11817445422220181504"/><line number="75" hits="11817445422220181504"/><line number="76" hits="11817445422220181504"/><line number="77" hits="11817445422220181504"/><line number="101" hits="11240984669916758016"/><line number="102" hits="15276209936040722432"/><line number="103" hits="15276209936040722432"/><line number="109" hits="15276209936040722432"/><line number="110" hits="15276209936040722432"/><line number="111" hits="15276209936040722432"/><line number="112" hits="11240984669916758016"/><line number="118" hits="72057594037927936"/><line number="119" hits="72057594037927936"/><line number="120" hits="72057594037927936"/><line number="121" hits="0"/><line number="122" hits="0"/><line number="123" hits="0"/><line number="124" hits="0"/><line number="138" hits="8718968878589280256"/><line number="139" hits="8718968878589280256"/><line number="140" hits="12538021362599460868"/><line number="141" hits="2017612633061982210"/><line number="142" hits="1441151880758558718"/><line number="146" hits="504403158265495552"/><line number="147" hits="504403158265495552"/><line number="148" hits="360287970189639680"/><line number="149" hits="72057594037927936"/><line number="150" hits="72057594037927936"/><line number="183" hits="144115188075855872"/><line number="195" hits="216172782113783808"/><line number="196" hits="216172782113783808"/><line number="197" hits="144115188075855872"/><line number="200" hits="144115188075855872"/><line number="201" hits="144115188075855872"/><line number="203" hits="72057594037927936"/><line number="208" hits="72057594037927936"/><line number="209" hits="72057594037927936"/><line number="210" hits="72057594037927936"/><line number="219" hits="144115188075855872"/></lines></class><class name="notification" filename="src\notification.rs" line-rate="0" branch-rate="0" complexity="0"><methods/><lines><line number="5" hits="0"/><line number="6" hits="0"/><line number="7" hits="0"/><line number="12" hits="0"/><line number="13" hits="0"/><line number="14" hits="0"/><line number="19" hits="0"/><line number="20" hits="0"/><line number="21" hits="0"/><line number="26" hits="0"/><line number="27" hits="0"/><line number="28" hits="0"/><line number="33" hits="0"/><line number="34" hits="0"/><line number="35" hits="0"/></lines></class><class name="report" filename="src\report.rs" line-rate="0.6666666666666666" branch-rate="0" complexity="0"><methods/><lines><line number="14" hits="864691128455135232"/><line number="15" hits="864691128455135232"/><line number="16" hits="1585267068834414592"/><line number="17" hits="144115188075855872"/><line number="22" hits="936748722493063168"/><line number="23" hits="2810246167479189504"/><line number="25" hits="1873497444986126336"/><line number="26" hits="936748722493063168"/><line number="27" hits="2810246167479189504"/><line number="28" hits="936748722493063168"/><line number="29" hits="936748722493063168"/><line number="30" hits="2810246167479189504"/><line number="31" hits="936748722493063168"/><line number="33" hits="3746994889972252672"/><line number="34" hits="936748722493063168"/><line number="35" hits="2810246167479189504"/><line number="36" hits="936748722493063168"/><line number="37" hits="936748722493063168"/><line number="38" hits="936748722493063168"/><line number="39" hits="936748722493063168"/><line number="40" hits="936748722493063168"/><line number="43" hits="936748722493063168"/><line number="44" hits="2810246167479189504"/><line number="45" hits="2810246167479189504"/><line number="46" hits="2810246167479189504"/><line number="47" hits="2810246167479189504"/><line number="48" hits="2810246167479189504"/><line number="50" hits="2810246167479189504"/><line number="51" hits="0"/><line number="52" hits="0"/><line number="53" hits="0"/><line number="54" hits="0"/><line number="55" hits="0"/><line number="56" hits="0"/><line number="57" hits="0"/><line number="59" hits="0"/><line number="61" hits="936748722493063168"/><line number="62" hits="2810246167479189504"/><line number="63" hits="0"/><line number="64" hits="0"/><line number="65" hits="0"/><line number="67" hits="936748722493063168"/><line number="68" hits="3242591731706757120"/><line number="69" hits="432345564227567616"/><line number="70" hits="1297036692682702848"/><line number="71" hits="432345564227567616"/><line number="72" hits="432345564227567616"/><line number="73" hits="432345564227567616"/><line number="74" hits="432345564227567616"/><line number="76" hits="1369094286720630784"/><line number="79" hits="2810246167479189504"/><line number="83" hits="216172782113783808"/><line number="84" hits="432345564227567616"/><line number="87" hits="648518346341351424"/><line number="88" hits="864691128455135232"/><line number="89" hits="432345564227567616"/><line number="90" hits="432345564227567616"/><line number="94" hits="648518346341351424"/><line number="95" hits="648518346341351424"/><line number="96" hits="1080863910568919040"/><line number="97" hits="648518346341351424"/><line number="98" hits="216172782113783808"/><line number="99" hits="216172782113783808"/><line number="103" hits="360287970189639680"/><line number="104" hits="288230376151711744"/><line number="105" hits="360287970189639680"/><line number="106" hits="216172782113783808"/><line number="107" hits="144115188075855872"/><line number="108" hits="144115188075855872"/><line number="111" hits="288230376151711744"/><line number="112" hits="288230376151711744"/><line number="113" hits="360287970189639680"/><line number="114" hits="216172782113783808"/><line number="115" hits="144115188075855872"/><line number="116" hits="144115188075855872"/><line number="118" hits="360287970189639680"/><line number="119" hits="216172782113783808"/><line number="120" hits="144115188075855872"/><line number="121" hits="144115188075855872"/><line number="123" hits="360287970189639680"/><line number="124" hits="216172782113783808"/><line number="125" hits="144115188075855872"/><line number="126" hits="144115188075855872"/><line number="128" hits="288230376151711744"/><line number="129" hits="144115188075855872"/><line number="130" hits="72057594037927936"/><line number="131" hits="72057594037927936"/><line number="136" hits="648518346341351424"/><line number="137" hits="864691128455135232"/><line number="138" hits="432345564227567616"/><line number="139" hits="216172782113783808"/><line number="141" hits="1080863910568919040"/><line number="142" hits="1080863910568919040"/><line number="143" hits="864691128455135232"/><line number="144" hits="432345564227567616"/><line number="145" hits="216172782113783808"/><line number="147" hits="864691128455135232"/><line number="148" hits="432345564227567616"/><line number="149" hits="216172782113783808"/><line number="153" hits="216172782113783808"/><line number="154" hits="0"/><line number="155" hits="0"/><line number="156" hits="0"/><line number="157" hits="0"/><line number="158" hits="0"/><line number="159" hits="0"/><line number="160" hits="0"/><line number="162" hits="0"/><line number="163" hits="0"/><line number="164" hits="0"/><line number="165" hits="0"/><line number="167" hits="0"/><line number="168" hits="0"/><line number="169" hits="0"/><line number="175" hits="216172782113783808"/><line number="176" hits="0"/><line number="177" hits="0"/><line number="178" hits="0"/><line number="179" hits="0"/><line number="180" hits="0"/><line number="181" hits="0"/><line number="183" hits="0"/><line number="186" hits="0"/><line number="191" hits="216172782113783808"/><line number="192" hits="0"/><line number="193" hits="0"/><line number="194" hits="0"/><line number="195" hits="0"/><line number="196" hits="0"/><line number="197" hits="0"/><line number="198" hits="0"/><line number="199" hits="0"/><line number="200" hits="0"/><line number="201" hits="0"/><line number="204" hits="0"/><line number="207" hits="216172782113783808"/><line number="211" hits="864691128455135232"/><line number="213" hits="1729382256910270464"/><line number="214" hits="2594073385365405696"/><line number="217" hits="3458764513820540928"/><line number="221" hits="0"/><line number="222" hits="0"/><line number="223" hits="0"/><line number="224" hits="0"/></lines></class><class name="scoring" filename="src\scoring.rs" line-rate="0.8695652173913043" branch-rate="0" complexity="0"><methods/><lines><line number="34" hits="11024811887802974208"/><line number="36" hits="14627691589699371008"/><line number="37" hits="14627691589699371008"/><line number="38" hits="14627691589699371008"/><line number="39" hits="11024811887802974208"/><line number="42" hits="3602879701896396800"/><line number="48" hits="11024811887802974208"/><line number="49" hits="3602879701896396800"/><line number="50" hits="14627691589699371008"/><line number="52" hits="11024811887802974208"/><line number="53" hits="2954361355555045376"/><line number="56" hits="288230376151711744"/><line number="57" hits="288230376151711744"/><line number="58" hits="288230376151711744"/><line number="63" hits="11024811887802974208"/><line number="64" hits="3602879701896396800"/><line number="65" hits="10520408729537478656"/><line number="67" hits="504403158265495552"/><line number="73" hits="11024811887802974208"/><line number="74" hits="3602879701896396800"/><line number="75" hits="14627691589699371008"/><line number="77" hits="11024811887802974208"/><line number="78" hits="2810246167479189504"/><line number="81" hits="432345564227567616"/><line number="82" hits="432345564227567616"/><line number="83" hits="432345564227567616"/><line number="89" hits="11024811887802974208"/><line number="90" hits="14627691589699371008"/><line number="91" hits="14627691589699371008"/><line number="93" hits="3314649325744685056"/><line number="94" hits="10736581511651262464"/><line number="98" hits="864691128455135232"/><line number="100" hits="576460752303423488"/><line number="101" hits="576460752303423488"/><line number="102" hits="576460752303423488"/><line number="106" hits="864691128455135232"/><line number="107" hits="1729382256910270464"/><line number="108" hits="1729382256910270464"/><line number="110" hits="1729382256910270464"/><line number="111" hits="1729382256910270464"/><line number="113" hits="864691128455135232"/><line number="115" hits="2594073385365405696"/><line number="116" hits="2594073385365405696"/><line number="121" hits="0"/><line number="122" hits="0"/><line number="123" hits="0"/><line number="124" hits="0"/><line number="125" hits="0"/><line number="126" hits="0"/><line number="127" hits="0"/><line number="132" hits="0"/><line number="133" hits="0"/><line number="150" hits="216172782113783811"/><line number="151" hits="432345564227567622"/><line number="154" hits="432345564227567619"/><line number="155" hits="72057594037927936"/><line number="164" hits="432345564227567619"/><line number="165" hits="72057594037927936"/><line number="175" hits="432345564227567622"/><line number="196" hits="1369094286720630784"/><line number="197" hits="2738188573441261568"/><line number="199" hits="14483576401623515136"/><line number="200" hits="15780613094306217984"/><line number="201" hits="2377900603251621879"/><line number="202" hits="13330654897016668160"/><line number="203" hits="72057594037927945"/><line number="209" hits="4107282860161892352"/><line number="210" hits="2738188573441261568"/><line number="213" hits="4107282860161892352"/></lines></class><class name="ui" filename="src\ui.rs" line-rate="0.35537190082644626" branch-rate="0" complexity="0"><methods/><lines><line number="10" hits="1224979098644774912"/><line number="11" hits="1224979098644774912"/><line number="12" hits="1224979098644774912"/><line number="13" hits="1224979098644774912"/><line number="14" hits="1224979098644774912"/><line number="17" hits="1224979098644774912"/><line number="19" hits="1224979098644774912"/><line number="20" hits="1224979098644774912"/><line number="21" hits="1224979098644774912"/><line number="36" hits="1224979098644774912"/><line number="37" hits="1224979098644774912"/><line number="39" hits="1224979098644774912"/><line number="40" hits="1224979098644774912"/><line number="41" hits="1224979098644774912"/><line number="44" hits="1224979098644774912"/><line number="46" hits="1224979098644774912"/><line number="47" hits="1224979098644774912"/><line number="48" hits="1224979098644774912"/><line number="49" hits="1224979098644774912"/><line number="50" hits="1224979098644774912"/><line number="51" hits="1224979098644774912"/><line number="53" hits="1224979098644774912"/><line number="57" hits="72057594037927936"/><line number="58" hits="144115188075855872"/><line number="61" hits="216172782113783808"/><line number="62" hits="144115188075855872"/><line number="65" hits="144115188075855872"/><line number="70" hits="0"/><line number="79" hits="0"/><line number="81" hits="0"/><line number="86" hits="0"/><line number="87" hits="0"/><line number="88" hits="0"/><line number="89" hits="0"/><line number="90" hits="0"/><line number="91" hits="0"/><line number="92" hits="0"/><line number="93" hits="0"/><line number="98" hits="0"/><line number="99" hits="0"/><line number="101" hits="0"/><line number="103" hits="0"/><line number="104" hits="0"/><line number="105" hits="0"/><line number="106" hits="0"/><line number="107" hits="0"/><line number="111" hits="0"/><line number="112" hits="0"/><line number="115" hits="0"/><line number="116" hits="0"/><line number="117" hits="0"/><line number="121" hits="0"/><line number="122" hits="0"/><line number="125" hits="0"/><line number="129" hits="0"/><line number="130" hits="0"/><line number="131" hits="0"/><line number="137" hits="0"/><line number="138" hits="0"/><line number="139" hits="0"/><line number="141" hits="0"/><line number="142" hits="0"/><line number="143" hits="0"/><line number="144" hits="0"/><line number="145" hits="0"/><line number="147" hits="0"/><line number="151" hits="0"/><line number="153" hits="0"/><line number="154" hits="0"/><line number="155" hits="0"/><line number="158" hits="0"/><line number="166" hits="0"/><line number="167" hits="0"/><line number="174" hits="0"/><line number="175" hits="0"/><line number="176" hits="0"/><line number="177" hits="0"/><line number="178" hits="0"/><line number="179" hits="0"/><line number="182" hits="0"/><line number="184" hits="0"/><line number="190" hits="0"/><line number="191" hits="0"/><line number="195" hits="0"/><line number="199" hits="0"/><line number="202" hits="0"/><line number="203" hits="0"/><line number="204" hits="0"/><line number="208" hits="0"/><line number="210" hits="0"/><line number="214" hits="0"/><line number="217" hits="0"/><line number="218" hits="0"/><line number="220" hits="6"/><line number="224" hits="0"/><line number="226" hits="0"/><line number="228" hits="0"/><line number="229" hits="0"/><line number="234" hits="0"/><line number="235" hits="0"/><line number="236" hits="0"/><line number="239" hits="0"/><line number="242" hits="144115188075855872"/><line number="243" hits="432345564227567616"/><line number="244" hits="576460752303423488"/><line number="246" hits="576460752303423488"/><line number="248" hits="16285016252571713536"/><line number="249" hits="16285016252571713536"/><line number="250" hits="7133701809754865670"/><line number="253" hits="432345564227567616"/><line number="255" hits="576460752303423488"/><line number="256" hits="432345564227567616"/><line number="257" hits="1729382256910270464"/><line number="258" hits="432345564227567616"/><line number="262" hits="576460752303423488"/><line number="264" hits="288230376151711744"/><line number="266" hits="288230376151711744"/><line number="270" hits="0"/><line number="271" hits="0"/><line number="276" hits="0"/><line number="278" hits="0"/></lines></class><class name="watch" filename="src\watch.rs" line-rate="0" branch-rate="0" complexity="0"><methods/><lines><line number="23" hits="0"/><line number="24" hits="0"/><line number="25" hits="0"/><line number="26" hits="0"/><line number="27" hits="0"/><line number="28" hits="0"/><line number="29" hits="0"/><line number="30" hits="0"/><line number="31" hits="0"/><line number="32" hits="0"/><line number="33" hits="0"/><line number="34" hits="0"/><line number="35" hits="0"/><line number="36" hits="0"/><line number="37" hits="0"/><line number="38" hits="0"/><line number="42" hits="0"/><line number="43" hits="0"/><line number="44" hits="0"/><line number="45" hits="0"/><line number="46" hits="0"/><line number="47" hits="0"/><line number="48" hits="0"/><line number="49" hits="0"/><line number="50" hits="0"/><line number="51" hits="0"/><line number="52" hits="0"/><line number="53" hits="0"/><line number="66" hits="0"/><line number="67" hits="0"/><line number="69" hits="0"/><line number="70" hits="0"/><line number="71" hits="0"/><line number="73" hits="0"/><line number="74" hits="0"/><line number="75" hits="0"/><line number="77" hits="0"/><line number="78" hits="0"/><line number="79" hits="0"/><line number="80" hits="0"/><line number="84" hits="0"/><line number="91" hits="0"/><line number="101" hits="0"/><line number="102" hits="0"/><line number="104" hits="0"/><line number="105" hits="0"/><line number="108" hits="0"/><line number="110" hits="0"/><line number="113" hits="0"/><line number="116" hits="0"/><line number="117" hits="0"/><line number="119" hits="0"/><line number="120" hits="0"/><line number="122" hits="0"/><line number="126" hits="0"/><line number="127" hits="0"/><line number="130" hits="0"/><line number="134" hits="0"/><line number="137" hits="0"/><line number="138" hits="0"/><line number="139" hits="0"/><line number="141" hits="0"/><line number="142" hits="0"/><line number="143" hits="0"/><line number="144" hits="0"/><line number="145" hits="0"/><line number="148" hits="0"/><line number="152" hits="0"/><line number="153" hits="0"/><line number="154" hits="0"/><line number="155" hits="0"/><line number="159" hits="0"/><line number="160" hits="0"/><line number="161" hits="0"/><line number="162" hits="0"/><line number="163" hits="0"/><line number="164" hits="0"/><line number="166" hits="0"/><line number="169" hits="0"/><line number="172" hits="0"/><line number="173" hits="0"/><line number="174" hits="0"/><line number="175" hits="0"/><line number="179" hits="0"/><line number="180" hits="0"/><line number="183" hits="0"/><line number="184" hits="0"/><line number="186" hits="0"/><line number="187" hits="0"/><line number="188" hits="0"/><line number="189" hits="0"/><line number="190" hits="0"/><line number="191" hits="0"/><line number="192" hits="0"/><line number="193" hits="0"/><line number="197" hits="0"/><line number="200" hits="0"/><line number="201" hits="0"/><line number="203" hits="0"/><line number="204" hits="0"/><line number="205" hits="0"/><line number="206" hits="0"/><line number="207" hits="0"/><line number="209" hits="0"/><line number="211" hits="0"/><line number="212" hits="0"/><line number="214" hits="0"/><line number="215" hits="0"/><line number="216" hits="0"/><line number="217" hits="0"/><line number="221" hits="0"/><line number="227" hits="0"/><line number="228" hits="0"/><line number="229" hits="0"/><line number="230" hits="0"/><line number="232" hits="0"/><line number="233" hits="0"/><line number="235" hits="0"/><line number="237" hits="0"/><line number="238" hits="0"/><line number="240" hits="0"/><line number="243" hits="0"/><line number="244" hits="0"/><line number="245" hits="0"/></lines></class></classes></package><package name="src\config" line-rate="0.2" branch-rate="0" complexity="0"><classes><class name="husky" filename="src\config\husky.rs" line-rate="0" branch-rate="0" complexity="0"><methods/><lines><line number="7" hits="0"/><line number="8" hits="0"/><line number="11" hits="0"/><line number="12" hits="0"/><line number="13" hits="0"/><line number="16" hits="0"/><line number="19" hits="0"/><line number="20" hits="0"/><line number="21" hits="0"/><line number="24" hits="0"/><line number="25" hits="0"/><line number="26" hits="0"/><line number="27" hits="0"/><line number="30" hits="0"/><line number="31" hits="0"/><line number="32" hits="0"/><line number="34" hits="0"/><line number="36" hits="0"/><line number="37" hits="0"/><line number="39" hits="0"/><line number="40" hits="0"/><line number="41" hits="0"/><line number="42" hits="0"/><line number="43" hits="0"/><line number="44" hits="0"/><line number="45" hits="0"/><line number="47" hits="0"/><line number="48" hits="0"/><line number="49" hits="0"/><line number="53" hits="0"/><line number="66" hits="0"/><line number="67" hits="0"/><line number="68" hits="0"/><line number="70" hits="0"/><line number="71" hits="0"/><line number="73" hits="0"/><line number="74" hits="0"/><line number="75" hits="0"/><line number="76" hits="0"/><line number="77" hits="0"/><line number="78" hits="0"/><line number="81" hits="0"/><line number="82" hits="0"/><line number="83" hits="0"/><line number="85" hits="0"/><line number="88" hits="0"/><line number="89" hits="0"/><line number="91" hits="0"/><line number="92" hits="0"/><line number="93" hits="0"/><line number="96" hits="0"/><line number="97" hits="0"/><line number="98" hits="0"/><line number="99" hits="0"/><line number="103" hits="0"/></lines></class><class name="ignored_paths" filename="src\config\ignored_paths.rs" line-rate="0.26373626373626374" branch-rate="0" complexity="0"><methods/><lines><line number="4" hits="1224979098644774912"/><line number="5" hits="1224979098644774912"/><line number="6" hits="2449958197289549824"/><line number="7" hits="2449958197289549824"/><line number="8" hits="2449958197289549824"/><line number="9" hits="2449958197289549824"/><line number="10" hits="2449958197289549824"/><line number="11" hits="2449958197289549824"/><line number="12" hits="2449958197289549824"/><line number="13" hits="2449958197289549824"/><line number="14" hits="2449958197289549824"/><line number="15" hits="2449958197289549824"/><line number="16" hits="2449958197289549824"/><line number="17" hits="2449958197289549824"/><line number="18" hits="2449958197289549824"/><line number="19" hits="2449958197289549824"/><line number="20" hits="2449958197289549824"/><line number="21" hits="2449958197289549824"/><line number="22" hits="2449958197289549824"/><line number="23" hits="2449958197289549824"/><line number="24" hits="2449958197289549824"/><line number="25" hits="2449958197289549824"/><line number="26" hits="2449958197289549824"/><line number="27" hits="2449958197289549824"/><line number="32" hits="0"/><line number="33" hits="0"/><line number="34" hits="0"/><line number="35" hits="0"/><line number="36" hits="0"/><line number="37" hits="0"/><line number="38" hits="0"/><line number="41" hits="0"/><line number="42" hits="0"/><line number="43" hits="0"/><line number="44" hits="0"/><line number="45" hits="0"/><line number="46" hits="0"/><line number="47" hits="0"/><line number="48" hits="0"/><line number="49" hits="0"/><line number="50" hits="0"/><line number="53" hits="0"/><line number="54" hits="0"/><line number="56" hits="0"/><line number="57" hits="0"/><line number="59" hits="0"/><line number="60" hits="0"/><line number="63" hits="0"/><line number="64" hits="0"/><line number="65" hits="0"/><line number="66" hits="0"/><line number="67" hits="0"/><line number="68" hits="0"/><line number="69" hits="0"/><line number="70" hits="0"/><line number="71" hits="0"/><line number="72" hits="0"/><line number="73" hits="0"/><line number="74" hits="0"/><line number="78" hits="0"/><line number="79" hits="0"/><line number="80" hits="0"/><line number="81" hits="0"/><line number="82" hits="0"/><line number="83" hits="0"/><line number="84" hits="0"/><line number="85" hits="0"/><line number="86" hits="0"/><line number="90" hits="0"/><line number="91" hits="0"/><line number="92" hits="0"/><line number="93" hits="0"/><line number="94" hits="0"/><line number="95" hits="0"/><line number="96" hits="0"/><line number="97" hits="0"/><line number="98" hits="0"/><line number="102" hits="0"/><line number="103" hits="0"/><line number="104" hits="0"/><line number="105" hits="0"/><line number="106" hits="0"/><line number="107" hits="0"/><line number="110" hits="0"/><line number="111" hits="0"/><line number="112" hits="0"/><line number="113" hits="0"/><line number="114" hits="0"/><line number="115" hits="0"/><line number="116" hits="0"/><line number="121" hits="0"/></lines></class><class name="loader" filename="src\config\loader.rs" line-rate="0.3381294964028777" branch-rate="0" complexity="0"><methods/><lines><line number="40" hits="0"/><line number="46" hits="1585267068834414592"/><li
[...]
="70" hits="4107282860161892352"/><line number="72" hits="3963167672086036480"/><line number="75" hits="4107282860161892352"/><line number="77" hits="4467570830351532032"/><line number="79" hits="3098476543630901248"/><line number="80" hits="0"/><line number="84" hits="6196953087261802496"/><line number="85" hits="6196953087261802496"/><line number="86" hits="0"/><line number="88" hits="9295429630892703744"/><line number="89" hits="12393906174523604992"/><line number="92" hits="4467570830351532032"/><line number="93" hits="2738188573441261568"/><line number="94" hits="5044031582654955520"/><line number="96" hits="936748722493063168"/><line number="97" hits="2810246167479189504"/><line number="98" hits="1873497444986126336"/><line number="99" hits="936748722493063168"/><line number="100" hits="2810246167479189504"/><line number="101" hits="2810246167479189504"/><line number="102" hits="936748722493063168"/><line number="103" hits="936748722493063168"/><line number="111" hits="6485183463413514240"/><line number="113" hits="4323455642275676160"/><line number="114" hits="8646911284551352320"/><line number="115" hits="2810246167479189504"/><line number="116" hits="432345564227567616"/><line number="117" hits="864691128455135232"/><line number="118" hits="432345564227567616"/><line number="122" hits="4323455642275676160"/><line number="123" hits="10808639105689190400"/><line number="124" hits="2161727821137838080"/><line number="127" hits="8646911284551352320"/><line number="128" hits="10808639105689190400"/><line number="130" hits="4323455642275676160"/><line number="131" hits="6485183463413514240"/><line number="132" hits="6485183463413514240"/><line number="133" hits="2161727821137838080"/><line number="134" hits="2161727821137838080"/><line number="138" hits="2594073385365405696"/><line number="139" hits="1297036692682702848"/><line number="140" hits="1297036692682702848"/><line number="141" hits="1297036692682702848"/><line number="142" hits="432345564227567616"/><line number="143" hits="864691128455135232"/><line number="144" hits="864691128455135232"/><line number="145" hits="864691128455135232"/><line number="146" hits="432345564227567616"/><line number="147" hits="432345564227567616"/><line number="153" hits="6485183463413514240"/><line number="158" hits="1369094286720630784"/><line number="159" hits="0"/><line number="163" hits="2233785415175766016"/><line number="164" hits="1729382256910270464"/><line number="165" hits="2594073385365405696"/><line number="166" hits="1729382256910270464"/><line number="172" hits="13763000461244235776"/><line number="173" hits="3746994889972252672"/><line number="174" hits="432345564227567616"/><line number="176" hits="4611686018427387904"/><line number="177" hits="1008806316530991104"/><line number="179" hits="3098476543630901248"/><line number="180" hits="3098476543630901248"/><line number="184" hits="1369094286720630784"/><line number="186" hits="1369094286720630784"/></lines></class><class name="metrics" filename="src\analyzer\metrics.rs" line-rate="0.5034722222222222" branch-rate="0" complexity="0"><methods/><lines><line number="19" hits="72057594037927936"/><line number="20" hits="144115188075855872"/><line number="22" hits="576460752303423488"/><line number="25" hits="216172782113783808"/><line number="26" hits="0"/><line number="29" hits="360287970189639680"/><line number="31" hits="144115188075855872"/><line number="32" hits="144115188075855872"/><line number="33" hits="72057594037927936"/><line number="34" hits="72057594037927936"/><line number="35" hits="72057594037927936"/><line number="37" hits="0"/><line number="38" hits="0"/><line number="39" hits="0"/><line number="40" hits="0"/><line number="42" hits="0"/><line number="45" hits="504403158265495552"/><line number="46" hits="216172782113783808"/><line number="48" hits="144115188075855872"/><line number="49" hits="144115188075855872"/><line number="50" hits="0"/><line number="54" hits="288230376151711744"/><line number="55" hits="216172782113783808"/><line number="58" hits="72057594037927936"/><line number="62" hits="72057594037927936"/><line number="67" hits="72057594037927936"/><line number="68" hits="360287970189639680"/><line number="69" hits="0"/><line number="74" hits="288230376151711744"/><line number="79" hits="288230376151711744"/><line number="80" hits="360287970189639680"/><line number="81" hits="288230376151711744"/><line number="82" hits="432345564227567616"/><line number="84" hits="0"/><line number="85" hits="0"/><line number="86" hits="0"/><line number="89" hits="0"/><line number="90" hits="0"/><line number="91" hits="0"/><line number="92" hits="0"/><line number="93" hits="0"/><line number="96" hits="0"/><line number="97" hits="0"/><line number="98" hits="0"/><line number="100" hits="0"/><line number="101" hits="0"/><line number="102" hits="0"/><line number="104" hits="0"/><line number="105" hits="0"/><line number="107" hits="0"/><line number="108" hits="0"/><line number="110" hits="0"/><line number="112" hits="72057594037927936"/><line number="113" hits="216172782113783808"/><line number="114" hits="216172782113783808"/><line number="117" hits="0"/><line number="122" hits="72057594037927936"/><line number="127" hits="72057594037927936"/><line number="128" hits="72057594037927936"/><line number="129" hits="360287970189639680"/><line number="130" hits="432345564227567616"/><line number="131" hits="432345564227567616"/><line number="135" hits="0"/><line number="136" hits="0"/><line number="138" hits="0"/><line number="139" hits="0"/><line number="140" hits="0"/><line number="141" hits="0"/><line number="145" hits="0"/><line number="150" hits="144115188075855872"/><line number="155" hits="288230376151711744"/><line number="156" hits="792633534417207296"/><line number="157" hits="648518346341351424"/><line number="163" hits="0"/><line number="168" hits="0"/><line number="169" hits="0"/><line number="170" hits="0"/><line number="171" hits="0"/><line number="172" hits="0"/><line number="176" hits="0"/><line number="177" hits="0"/><line number="183" hits="288230376151711744"/><line number="188" hits="288230376151711744"/><line number="189" hits="144115188075855872"/><line number="190" hits="432345564227567616"/><line number="193" hits="432345564227567616"/><line number="195" hits="432345564227567616"/><line number="198" hits="360287970189639680"/><line number="199" hits="216172782113783808"/><line number="202" hits="0"/><line number="203" hits="0"/><line number="204" hits="0"/><line number="205" hits="0"/><line number="208" hits="0"/><line number="209" hits="144115188075855872"/><line number="210" hits="0"/><line number="211" hits="0"/><line number="212" hits="0"/><line number="213" hits="0"/><line number="214" hits="0"/><line number="218" hits="0"/><line number="219" hits="0"/><line number="221" hits="0"/><line number="222" hits="0"/><line number="223" hits="0"/><line number="225" hits="0"/><line number="227" hits="0"/><line number="228" hits="0"/><line number="230" hits="0"/><line number="232" hits="0"/><line number="233" hits="0"/><line number="236" hits="0"/><line number="238" hits="0"/><line number="239" hits="0"/><line number="241" hits="0"/><line number="242" hits="0"/><line number="243" hits="0"/><line number="244" hits="0"/><line number="246" hits="0"/><line number="247" hits="0"/><line number="249" hits="0"/><line number="250" hits="0"/><line number="251" hits="0"/><line number="254" hits="0"/><line number="259" hits="72057594037927936"/><line number="264" hits="288230376151711744"/><line number="268" hits="144115188075855872"/><line number="269" hits="144115188075855872"/><line number="270" hits="144115188075855872"/><line number="271" hits="144115188075855872"/><line number="272" hits="0"/><line number="273" hits="144115188075855872"/><line number="275" hits="144115188075855872"/><line number="276" hits="72057594037927936"/><line number="277" hits="72057594037927936"/><line number="278" hits="72057594037927936"/><line number="279" hits="144115188075855872"/><line number="281" hits="0"/><line number="285" hits="72057594037927936"/><line number="286" hits="72057594037927936"/><line number="287" hits="144115188075855872"/><line number="289" hits="0"/><line number="292" hits="0"/><line number="295" hits="0"/><line number="298" hits="0"/><line number="299" hits="0"/><line number="304" hits="2305843009213693952"/><line number="305" hits="0"/><line number="308" hits="2305843009213693952"/><line number="309" hits="2305843009213693952"/><line number="310" hits="2305843009213693952"/><line number="312" hits="0"/><line number="315" hits="9223372036854775808"/><line number="316" hits="4611686018427387904"/><line number="318" hits="2233785415175766016"/><line number="319" hits="11313042263954685952"/><line number="321" hits="6917529027641081855"/><line number="322" hits="2017612633061982209"/><line number="325" hits="864691128455135228"/><line number="326" hits="0"/><line number="329" hits="5260204364768739325"/><line number="330" hits="0"/><line number="333" hits="9655717601082343422"/><line number="334" hits="9655717601082343422"/><line number="335" hits="9655717601082343422"/><line number="337" hits="0"/><line number="340" hits="9655717601082343422"/><line number="341" hits="0"/><line number="345" hits="2305843009213693952"/><line number="349" hits="2377900603251621888"/><line number="350" hits="576460752303423488"/><line number="353" hits="7133701809754865664"/><line number="354" hits="0"/><line number="357" hits="11889503016258109440"/><line number="359" hits="4755801206503243776"/><line number="360" hits="4755801206503243776"/><line number="361" hits="2377900603251621888"/><line number="362" hits="2377900603251621888"/><line number="363" hits="2377900603251621888"/><line number="365" hits="0"/><line number="366" hits="0"/><line number="367" hits="0"/><line number="368" hits="0"/><line number="370" hits="0"/><line number="373" hits="16645304222761353216"/><line number="374" hits="7133701809754865664"/><line number="376" hits="4755801206503243776"/><line number="377" hits="4755801206503243776"/><line number="378" hits="0"/><line number="381" hits="4755801206503243776"/><line number="383" hits="11457157452030541824"/><line number="385" hits="0"/><line number="386" hits="0"/><line number="388" hits="0"/><line number="389" hits="0"/><line number="390" hits="0"/><line number="397" hits="0"/><line number="399" hits="0"/><line number="403" hits="2377900603251621888"/><line number="407" hits="2233785415175766016"/><line number="412" hits="4467570830351532032"/><line number="414" hits="17870283321406128128"/><line number="417" hits="6701356245527298048"/><line number="418" hits="0"/><line number="421" hits="11168927075878830080"/><line number="423" hits="4467570830351532032"/><line number="424" hits="4467570830351532032"/><line number="425" hits="2233785415175766016"/><line number="426" hits="2233785415175766016"/><line number="427" hits="2233785415175766016"/><line number="429" hits="0"/><line number="430" hits="0"/><line number="431" hits="0"/><line number="432" hits="0"/><line number="434" hits="0"/><line number="437" hits="15636497906230362112"/><line number="438" hits="6701356245527298048"/><line number="440" hits="4467570830351532032"/><line number="441" hits="4467570830351532032"/><line number="442" hits="0"/><line number="445" hits="10592466323575406592"/><line number="448" hits="72057594037927936"/><line number="449" hits="72057594037927936"/><line number="451" hits="504403158265495552"/><line number="452" hits="432345564227567616"/><line number="453" hits="648518346341351424"/><line number="454" hits="648518346341351424"/><line number="455" hits="432345564227567616"/><line number="457" hits="216172782113783808"/><line number="459" hits="144115188075855872"/><line number="460" hits="216172782113783808"/><line number="461" hits="0"/><line number="462" hits="0"/><line number="463" hits="0"/><line number="464" hits="0"/><line number="467" hits="216172782113783808"/><line number="468" hits="216172782113783808"/><line number="469" hits="144115188075855872"/><line number="470" hits="144115188075855872"/><line number="471" hits="72057594037927936"/><line number="472" hits="72057594037927936"/><line number="480" hits="0"/><line number="481" hits="0"/><line number="483" hits="0"/><line number="484" hits="0"/><line number="485" hits="0"/><line number="487" hits="0"/><line number="488" hits="0"/><line number="490" hits="0"/><line number="491" hits="0"/><line number="492" hits="0"/><line number="493" hits="0"/><line number="494" hits="0"/><line number="495" hits="0"/><line number="501" hits="2449958197289549824"/><line number="502" hits="4107282860161892352"/><line number="504" hits="2449958197289549824"/><line number="505" hits="0"/><line number="506" hits="0"/><line number="507" hits="0"/><line number="509" hits="0"/><line number="510" hits="0"/><line number="512" hits="0"/><line number="513" hits="0"/><line number="514" hits="0"/><line number="515" hits="0"/><line number="516" hits="0"/><line number="517" hits="0"/><line number="522" hits="4611686018427387904"/><line number="523" hits="12249790986447749120"/><line number="524" hits="8070450532247928832"/><line number="525" hits="9079256848778919936"/><line number="526" hits="9079256848778919936"/><line number="527" hits="6052837899185946624"/><line number="529" hits="3026418949592973312"/><line number="530" hits="144115188075855872"/><line number="531" hits="216172782113783808"/><line number="532" hits="0"/><line number="533" hits="0"/><line number="534" hits="0"/><line number="535" hits="0"/><line number="538" hits="216172782113783808"/><line number="539" hits="216172782113783808"/><line number="540" hits="144115188075855872"/><line number="541" hits="144115188075855872"/><line number="542" hits="72057594037927936"/><line number="543" hits="72057594037927936"/><line number="552" hits="2233785415175766016"/></lines></class><class name="pattern_matcher" filename="src\analyzer\pattern_matcher.rs" line-rate="0.9523809523809523" branch-rate="0" complexity="0"><methods/><lines><line number="8" hits="432345564227567616"/><line number="9" hits="2161727821137838080"/><line number="16" hits="432345564227567616"/><line number="21" hits="576460752303423488"/><line number="22" hits="1729382256910270464"/><line number="23" hits="1729382256910270464"/><line number="26" hits="1152921504606846976"/><line number="27" hits="0"/><line number="38" hits="1152921504606846976"/><line number="39" hits="144115188075855872"/><line number="44" hits="432345564227567616"/><line number="46" hits="864691128455135232"/><line number="48" hits="1297036692682702848"/><line number="49" hits="1297036692682702848"/><line number="50" hits="1297036692682702848"/><line number="52" hits="864691128455135232"/><line number="53" hits="288230376151711744"/><line number="54" hits="288230376151711744"/><line number="55" hits="288230376151711744"/><line number="57" hits="288230376151711744"/><line number="62" hits="144115188075855872"/></lines></class><class name="swc_parser" filename="src\analyzer\swc_parser.rs" line-rate="0.3787878787878788" branch-rate="0" complexity="0"><methods/><lines><line number="15" hits="144115188075855872"/><line number="17" hits="144115188075855872"/><line number="18" hits="0"/><line number="19" hits="0"/><line number="21" hits="0"/><line number="23" hits="0"/><line number="24" hits="0"/><line number="28" hits="0"/><line number="29" hits="0"/><line number="30" hits="0"/><line number="33" hits="0"/><line number="37" hits="720575940379279360"/><line number="40" hits="720575940379279360"/><line number="41" hits="288230376151711744"/><line number="42" hits="288230376151711744"/><line number="43" hits="0"/><line number="44" hits="0"/><line number="45" hits="0"/><line number="47" hits="288230376151711744"/><line number="48" hits="0"/><line number="49" hits="0"/><line number="50" hits="0"/><line number="52" hits="144115188075855872"/><line number="56" hits="1008806316530991104"/><line number="57" hits="432345564227567616"/><line number="60" hits="288230376151711744"/><line number="61" hits="288230376151711744"/><line number="62" hits="0"/><line number="64" hits="0"/><line number="65" hits="0"/><line number="69" hits="288230376151711744"/><line number="72" hits="1008806316530991104"/><line number="75" hits="288230376151711744"/><line number="76" hits="288230376151711744"/><line number="78" hits="144115188075855872"/><line number="82" hits="144115188075855872"/><line number="89" hits="1297036692682702848"/><line number="91" hits="1008806316530991104"/><line number="93" hits="864691128455135232"/><line number="96" hits="432345564227567616"/><line number="98" hits="0"/><line number="99" hits="0"/><line number="102" hits="0"/><line number="105" hits="0"/><line number="107" hits="0"/><line number="108" hits="0"/><line number="109" hits="0"/><line number="110" hits="0"/><line number="111" hits="0"/><line number="112" hits="0"/><line number="113" hits="0"/><line number="120" hits="864691128455135232"/><line number="121" hits="0"/><line number="122" hits="0"/><line number="123" hits="0"/><line number="124" hits="0"/><line number="131" hits="0"/><line number="132" hits="0"/><line number="134" hits="0"/><line number="135" hits="0"/><line number="136" hits="0"/><line number="137" hits="0"/><line number="138" hits="0"/><line number="140" hits="0"/><line number="141" hits="0"/><line number="142" hits="0"/><line number="143" hits="0"/><line number="144" hits="0"/><line number="145" hits="0"/><line number="146" hits="0"/><line number="154" hits="144115188075855872"/><line number="159" hits="1152921504606846976"/><line number="160" hits="5764607523034234880"/><line number="162" hits="6485183463413514240"/><line number="163" hits="1513209474796486656"/><line number="164" hits="2305843009213693952"/><line number="165" hits="360287970189639680"/><line number="166" hits="360287970189639680"/><line number="167" hits="360287970189639680"/><line number="169" hits="1585267068834414592"/><line number="170" hits="0"/><line number="171" hits="0"/><line number="172" hits="0"/><line number="174" hits="792633534417207296"/><line number="178" hits="2522015791327477760"/><line number="179" hits="1080863910568919040"/><line number="182" hits="720575940379279360"/><line number="183" hits="720575940379279360"/><line number="184" hits="0"/><line number="188" hits="1801439850948198400"/><line number="191" hits="720575940379279360"/><line number="194" hits="720575940379279360"/><line number="197" hits="360287970189639680"/><line number="201" hits="360287970189639680"/><line number="206" hits="720575940379279360"/><line number="208" hits="1801439850948198400"/><line number="210" hits="0"/><line number="211" hits="0"/><line number="213" hits="0"/><line number="214" hits="0"/><line number="215" hits="0"/><line number="216" hits="0"/><line number="217" hits="0"/><line number="219" hits="0"/><line number="221" hits="0"/><line number="223" hits="0"/><line number="229" hits="360287970189639680"/><line number="233" hits="0"/><line number="238" hits="0"/><line number="239" hits="0"/><line number="242" hits="0"/><line number="243" hits="0"/><line number="244" hits="0"/><line number="250" hits="0"/><line number="255" hits="0"/><line number="256" hits="0"/><line number="258" hits="0"/><line number="259" hits="0"/><line number="261" hits="0"/><line number="262" hits="0"/><line number="263" hits="0"/><line number="264" hits="0"/><line number="266" hits="0"/><line number="270" hits="0"/><line number="271" hits="0"/><line number="272" hits="0"/><line number="280" hits="0"/><line number="291" hits="2161727821137838080"/><line number="297" hits="4323455642275676160"/><line number="298" hits="8646911284551352320"/><line number="299" hits="10808639105689190400"/><line number="303" hits="0"/></lines></class></classes></package><package name="benches" line-rate="0" branch-rate="0" complexity="0"><classes></classes></package></packages></coverage>